<?xml version="1.0" encoding="UTF-8"?>
<testng-results ignored="0" total="1" passed="1" failed="0" skipped="0">
  <reporter-output>
  </reporter-output>
  <suite started-at="2018-05-14T21:10:36Z" name="Default suite" finished-at="2018-05-14T21:10:43Z" duration-ms="7558">
    <groups>
    </groups>
    <test started-at="2018-05-14T21:10:36Z" name="Default test" finished-at="2018-05-14T21:10:43Z" duration-ms="7558">
      <class name="com.project.MavenTest">
        <test-method signature="mavenTest()[pri:0, instance:com.project.MavenTest@26b3fd41]" started-at="2018-05-14T21:10:36Z" name="mavenTest" finished-at="2018-05-14T21:10:43Z" duration-ms="7541" status="PASS">
          <reporter-output>
          </reporter-output>
        </test-method> <!-- mavenTest -->
      </class> <!-- com.project.MavenTest -->
    </test> <!-- Default test -->
  </suite> <!-- Default suite -->
</testng-results>
